h:\dissertation\dissertation\zxemulator\x64\debug\vc143.pdb
h:\dissertation\dissertation\zxemulator\x64\debug\vc143.idb
h:\dissertation\dissertation\zxemulator\x64\debug\zxemulator.obj
h:\dissertation\dissertation\zxemulator\x64\debug\renderer.obj
h:\dissertation\dissertation\x64\debug\zxemulator.exe
h:\dissertation\dissertation\zxemulator\x64\debug\zxemulator.ilk
h:\dissertation\dissertation\x64\debug\zxemulator.pdb
c:\users\lakshman\documents\csc\dissertation\dissertation\zxemulator\x64\debug\renderer.obj
c:\users\lakshman\documents\csc\dissertation\dissertation\zxemulator\x64\debug\zxemulator.obj
c:\users\lakshman\documents\csc\dissertation\dissertation\zxemulator\x64\debug\zxemulator.ilk
c:\users\lakshman\documents\csc\dissertation\dissertation\zxemulator\x64\debug\vc142.idb
c:\users\lakshman\documents\csc\dissertation\dissertation\zxemulator\x64\debug\vc143.idb
c:\users\lakshman\documents\csc\dissertation\dissertation\zxemulator\x64\debug\vc142.pdb
c:\users\lakshman\documents\csc\dissertation\dissertation\zxemulator\x64\debug\vc143.pdb
c:\users\lakshman\documents\csc\dissertation\dissertation\x64\debug\zxemulator.pdb
c:\users\lakshman\documents\csc\dissertation\dissertation\x64\debug\zxemulator.exe
c:\users\lakshman\documents\csc\dissertation\dissertation\x64\debug\zxemulator.ilk
c:\users\lakshman\documents\csc\dissertation\dissertation\zxemulator\x64\debug\zxemulator.tlog\cl.command.1.tlog
c:\users\lakshman\documents\csc\dissertation\dissertation\zxemulator\x64\debug\zxemulator.tlog\cl.read.1.tlog
c:\users\lakshman\documents\csc\dissertation\dissertation\zxemulator\x64\debug\zxemulator.tlog\cl.write.1.tlog
c:\users\lakshman\documents\csc\dissertation\dissertation\zxemulator\x64\debug\zxemulator.tlog\link.command.1.tlog
c:\users\lakshman\documents\csc\dissertation\dissertation\zxemulator\x64\debug\zxemulator.tlog\link.read.1.tlog
c:\users\lakshman\documents\csc\dissertation\dissertation\zxemulator\x64\debug\zxemulator.tlog\link.write.1.tlog
